[debug] [2018-07-07T18:21:30.788Z] ----------------------------------------------------------------------
[debug] [2018-07-07T18:21:30.791Z] Command:       C:\Program Files\nodejs\node.exe C:\Program Files\nodejs\node_modules\firebase-tools\bin\firebase serve
[debug] [2018-07-07T18:21:30.792Z] CLI Version:   3.19.3
[debug] [2018-07-07T18:21:30.792Z] Platform:      win32
[debug] [2018-07-07T18:21:30.792Z] Node Version:  v8.9.4
[debug] [2018-07-07T18:21:30.792Z] Time:          Sat Jul 07 2018 12:21:30 GMT-0600 (Mountain Daylight Time)
[debug] [2018-07-07T18:21:30.792Z] ----------------------------------------------------------------------
[debug] 
[debug] [2018-07-07T18:21:30.804Z] > command requires scopes: ["email","openid","https://www.googleapis.com/auth/cloudplatformprojects.readonly","https://www.googleapis.com/auth/firebase","https://www.googleapis.com/auth/cloud-platform"]
[debug] [2018-07-07T18:21:30.805Z] > authorizing via signed-in user
[debug] [2018-07-07T18:21:30.807Z] >>> HTTP REQUEST GET https://admin.firebase.com/v1/projects/craig-parker  
  
 Sat Jul 07 2018 12:21:30 GMT-0600 (Mountain Daylight Time)
[debug] [2018-07-07T18:21:31.328Z] <<< HTTP RESPONSE 200
[debug] [2018-07-07T18:21:31.331Z] >>> HTTP REQUEST GET https://admin.firebase.com/v1/database/craig-parker/tokens  
  
 Sat Jul 07 2018 12:21:31 GMT-0600 (Mountain Daylight Time)
[debug] [2018-07-07T18:21:31.706Z] <<< HTTP RESPONSE 200
[debug] [2018-07-07T18:21:31.708Z] >>> HTTP REQUEST GET https://cloudresourcemanager.googleapis.com/v1/projects/craig-parker  
  
 Sat Jul 07 2018 12:21:31 GMT-0600 (Mountain Daylight Time)
[debug] [2018-07-07T18:21:32.175Z] <<< HTTP RESPONSE 200
[info] 
[info] === Serving from 'C:\Users\fegmu\personal-projects\portfolio_website'...
[info] 
[debug] [2018-07-07T18:21:32.178Z] >>> HTTP REQUEST GET https://mobilesdk-pa.googleapis.com/v1/projects/213158047387/clients/_:getWebAppConfig  
  
 Sat Jul 07 2018 12:21:32 GMT-0600 (Mountain Daylight Time)
[debug] [2018-07-07T18:21:32.583Z] <<< HTTP RESPONSE 200
[info] i  hosting: Serving hosting files from: public
[info] +  hosting: Local server: http://localhost:5000

